0 info it worked if it ends with ok
1 verbose cli [ '/usr/bin/nodejs', '/usr/bin/npm', 'start' ]
2 info using npm@3.5.2
3 info using node@v4.2.6
4 verbose run-script [ 'prestart', 'start', 'poststart' ]
5 info lifecycle client@1.0.0~prestart: client@1.0.0
6 silly lifecycle client@1.0.0~prestart: no script for prestart, continuing
7 info lifecycle client@1.0.0~start: client@1.0.0
8 verbose lifecycle client@1.0.0~start: unsafe-perm in lifecycle true
9 verbose lifecycle client@1.0.0~start: PATH: /usr/share/npm/bin/node-gyp-bin:/mnt/c/Users/a/Desktop/Online_Store_Project/client/node_modules/.bin:/home/felixlol/bin:/home/felixlol/.local/bin:/usr/local/sbin:/usr/local/bin:/usr/sbin:/usr/bin:/sbin:/bin:/usr/games:/usr/local/games:/mnt/c/ProgramData/Oracle/Java/javapath_target_84210218:/mnt/c/Program Files (x86)/AMD APP/bin/x86_64:/mnt/c/Windows/System32:/mnt/c/Windows:/mnt/c/Windows/System32/wbem:/mnt/c/Windows/System32/WindowsPowerShell/v1.0:/mnt/c/Program Files (x86)/EgisTec MyWinLocker/x64:/mnt/c/Program Files (x86)/EgisTec MyWinLocker:/mnt/c/Program Files (x86)/ATI Technologies/ATI.ACE/Core-Static:/mnt/c/Program Files (x86)/Windows Kits/8.1/Windows Performance Toolkit:/mnt/c/Program Files/PuTTY:/mnt/c/Program Files (x86)/nodejs:/mnt/c/Windows/System32/OpenSSH:/mnt/c/Program Files/Git/cmd:/mnt/c/Program Files/Git/mingw64/bin:/mnt/c/Program Files/Git/usr/bin:/mnt/c/Program Files/Microsoft VS Code/bin:/mnt/c/Program Files (x86)/Scripts:/mnt/c/Program Files (x86):/mnt/c/Ruby24-x64/bin:/mnt/c/Users/a/AppData/Local/Microsoft/WindowsApps:/mnt/c/Users/a/AppData/Roaming/npm:/mnt/c/Users/a/AppData/Local/Microsoft/WindowsApps:/snap/bin
10 verbose lifecycle client@1.0.0~start: CWD: /mnt/c/Users/a/Desktop/Online_Store_Project/client
11 silly lifecycle client@1.0.0~start: Args: [ '-c', 'nodemon' ]
12 info lifecycle client@1.0.0~start: Failed to exec start script
13 verbose stack Error: client@1.0.0 start: `nodemon`
13 verbose stack spawn ENOENT
13 verbose stack     at ChildProcess.<anonymous> (/usr/share/npm/lib/utils/spawn.js:17:16)
13 verbose stack     at emitTwo (events.js:87:13)
13 verbose stack     at ChildProcess.emit (events.js:172:7)
13 verbose stack     at maybeClose (internal/child_process.js:821:16)
13 verbose stack     at Process.ChildProcess._handle.onexit (internal/child_process.js:211:5)
14 verbose pkgid client@1.0.0
15 verbose cwd /mnt/c/Users/a/Desktop/Online_Store_Project/client
16 error Linux 4.4.0-17134-Microsoft
17 error argv "/usr/bin/nodejs" "/usr/bin/npm" "start"
18 error node v4.2.6
19 error npm  v3.5.2
20 error file sh
21 error code ELIFECYCLE
22 error errno ENOENT
23 error syscall spawn
24 error client@1.0.0 start: `nodemon`
24 error spawn ENOENT
25 error Failed at the client@1.0.0 start script 'nodemon'.
25 error Make sure you have the latest version of node.js and npm installed.
25 error If you do, this is most likely a problem with the client package,
25 error not with npm itself.
25 error Tell the author that this fails on your system:
25 error     nodemon
25 error You can get information on how to open an issue for this project with:
25 error     npm bugs client
25 error Or if that isn't available, you can get their info via:
25 error     npm owner ls client
25 error There is likely additional logging output above.
26 verbose exit [ 1, true ]
